<?xml version="1.0" encoding="UTF-8"?>
<!-- Generated by org.testng.reporters.JUnitXMLReporter -->
<testsuite ignored="0" hostname="DESKTOP-DOIJSPR" failures="0" tests="4" name="Default test" time="6.059" errors="0" timestamp="2024-12-06T00:22:46 IST">
  <testcase classname="UsersTest" name="creatingNewUser" time="2.534"/>
  <testcase classname="UsersTest" name="deletingExistingUser" time="0.748"/>
  <testcase classname="UsersTest" name="getUsersList" time="0.549"/>
  <testcase classname="UsersTest" name="getParticulatUser" time="1.324"/>
</testsuite> <!-- Default test -->
