<?xml version="1.0" encoding="UTF-8"?>
<!-- Generated by org.testng.reporters.JUnitXMLReporter -->
<testsuite ignored="0" hostname="DESKTOP-DOIJSPR" failures="0" tests="4" name="User Test" time="7.51" errors="0" timestamp="2024-12-06T18:19:13 IST">
  <testcase classname="UsersTest" name="creatingNewUser" time="3.11"/>
  <testcase classname="UsersTest" name="deletingExistingUser" time="0.792"/>
  <testcase classname="UsersTest" name="getUsersList" time="0.531"/>
  <testcase classname="UsersTest" name="getParticulatUser" time="1.804"/>
</testsuite> <!-- User Test -->
