<?xml version="1.0" encoding="UTF-8"?>
<testng-results ignored="0" total="4" passed="4" failed="0" skipped="0">
  <reporter-output>
  </reporter-output>
  <suite started-at="2024-12-06T18:19:05 IST" name="Regression Test Suite" finished-at="2024-12-06T18:19:13 IST" duration-ms="7510">
    <groups>
    </groups>
    <test started-at="2024-12-06T18:19:05 IST" name="User Test" finished-at="2024-12-06T18:19:13 IST" duration-ms="7510">
      <class name="UsersTest">
        <test-method is-config="true" signature="setup()[pri:0, instance:UsersTest@9816741]" started-at="2024-12-06T18:19:05 IST" name="setup" finished-at="2024-12-06T18:19:06 IST" duration-ms="1106" status="PASS">
          <reporter-output>
          </reporter-output>
        </test-method> <!-- setup -->
        <test-method signature="creatingNewUser()[pri:0, instance:UsersTest@9816741]" started-at="2024-12-06T18:19:06 IST" name="creatingNewUser" finished-at="2024-12-06T18:19:09 IST" duration-ms="3110" status="PASS">
          <reporter-output>
          </reporter-output>
        </test-method> <!-- creatingNewUser -->
        <test-method signature="deletingExistingUser()[pri:0, instance:UsersTest@9816741]" started-at="2024-12-06T18:19:09 IST" name="deletingExistingUser" finished-at="2024-12-06T18:19:10 IST" depends-on-methods="UsersTest.creatingNewUser" duration-ms="792" status="PASS">
          <reporter-output>
          </reporter-output>
        </test-method> <!-- deletingExistingUser -->
        <test-method signature="getUsersList()[pri:0, instance:UsersTest@9816741]" started-at="2024-12-06T18:19:10 IST" name="getUsersList" finished-at="2024-12-06T18:19:11 IST" depends-on-methods="UsersTest.deletingExistingUser" duration-ms="531" status="PASS">
          <reporter-output>
          </reporter-output>
        </test-method> <!-- getUsersList -->
        <test-method signature="getParticulatUser()[pri:0, instance:UsersTest@9816741]" started-at="2024-12-06T18:19:11 IST" name="getParticulatUser" finished-at="2024-12-06T18:19:13 IST" depends-on-methods="UsersTest.getUsersList" duration-ms="1804" status="PASS">
          <reporter-output>
          </reporter-output>
        </test-method> <!-- getParticulatUser -->
      </class> <!-- UsersTest -->
    </test> <!-- User Test -->
  </suite> <!-- Regression Test Suite -->
</testng-results>
